TN:
SF:constants/errors.ts
FNF:0
FNH:0
DA:1,1
DA:2,1
LF:2
LH:2
BRF:0
BRH:0
end_of_record
TN:
SF:database/stub.ts
FNF:0
FNH:0
DA:1,1
DA:2,1
DA:3,1
DA:4,1
DA:5,1
DA:6,1
DA:7,1
DA:8,1
DA:9,1
DA:10,1
DA:11,1
DA:12,1
DA:13,1
DA:14,1
DA:15,1
DA:16,1
DA:17,1
DA:18,1
DA:19,1
DA:20,1
DA:21,1
DA:22,1
DA:23,1
DA:24,1
DA:25,1
DA:26,1
DA:27,1
DA:28,1
DA:29,1
DA:30,1
DA:31,1
DA:32,1
DA:33,1
DA:34,1
DA:35,1
DA:36,1
DA:37,1
DA:38,1
DA:39,1
DA:40,1
DA:41,1
DA:42,1
DA:43,1
DA:44,1
DA:45,1
DA:46,1
DA:47,1
DA:48,1
DA:49,1
DA:50,1
DA:51,1
DA:52,1
DA:53,1
DA:54,1
DA:55,1
DA:56,1
DA:57,1
DA:58,1
DA:59,1
DA:60,1
DA:61,1
DA:62,1
DA:63,1
DA:64,1
DA:65,1
DA:66,1
DA:67,1
DA:68,1
DA:69,1
DA:70,1
DA:71,1
DA:72,1
DA:73,1
DA:74,1
DA:75,1
DA:76,1
DA:77,1
DA:78,1
DA:79,1
DA:80,1
DA:81,1
DA:82,1
DA:83,1
DA:84,1
DA:85,1
DA:86,1
DA:87,1
DA:88,1
DA:89,1
DA:90,1
DA:91,1
DA:92,1
LF:92
LH:92
BRF:0
BRH:0
end_of_record
TN:
SF:enums/ESRB.ts
FNF:0
FNH:0
DA:1,21
DA:2,21
DA:3,21
DA:4,21
DA:5,21
DA:6,21
DA:7,21
DA:8,21
DA:9,21
LF:9
LH:9
BRDA:1,0,0,21
BRF:1
BRH:1
end_of_record
TN:
SF:repositories/BaseRepository.ts
FN:4,<instance_members_initializer>
FN:6,BaseRepository
FN:10,getNextId
FNF:3
FNH:3
FNDA:22,<instance_members_initializer>
FNDA:22,BaseRepository
FNDA:4,getNextId
DA:1,1
DA:2,1
DA:3,1
DA:4,1
DA:5,1
DA:6,1
DA:7,22
DA:8,22
DA:9,1
DA:10,1
DA:11,4
DA:12,1
DA:13,1
DA:14,3
DA:15,3
DA:16,1
DA:17,1
DA:18,1
LF:18
LH:18
BRDA:4,0,0,22
BRDA:6,1,0,22
BRDA:10,2,0,4
BRDA:11,3,0,1
BRDA:14,4,0,3
BRF:5
BRH:5
end_of_record
TN:
SF:repositories/GameRepository.ts
FN:7,get table
FN:11,findOne
FN:15,find
FN:19,create
FN:25,update
FN:34,delete
FNF:6
FNH:6
FNDA:23,get table
FNDA:8,findOne
FNDA:1,find
FNDA:1,create
FNDA:2,update
FNDA:2,delete
DA:1,1
DA:2,1
DA:3,1
DA:4,1
DA:5,1
DA:6,1
DA:7,1
DA:8,23
DA:9,23
DA:10,1
DA:11,1
DA:12,8
DA:13,8
DA:14,1
DA:15,1
DA:16,1
DA:17,1
DA:18,1
DA:19,1
DA:20,1
DA:21,1
DA:22,1
DA:23,1
DA:24,1
DA:25,1
DA:26,2
DA:27,2
DA:28,1
DA:29,1
DA:30,1
DA:31,1
DA:32,1
DA:33,1
DA:34,1
DA:35,2
DA:36,2
DA:37,1
DA:38,1
DA:39,1
DA:40,1
DA:41,1
DA:42,1
LF:42
LH:42
BRDA:7,0,0,23
BRDA:11,1,0,8
BRDA:12,2,0,18
BRDA:15,3,0,1
BRDA:19,4,0,1
BRDA:25,5,0,2
BRDA:27,6,0,1
BRDA:26,7,0,5
BRDA:34,8,0,2
BRDA:36,9,0,1
BRDA:35,10,0,5
BRF:11
BRH:11
end_of_record
TN:
SF:repositories/UserRepository.ts
FN:9,get table
FN:13,findOne
FN:17,create
FN:24,updateUsername
FN:33,delete
FN:44,findUserGames
FN:53,findUserGame
FN:60,addGame
FN:74,addGamePlayTime
FN:83,deleteGameFromAllUsers
FN:89,deleteGame
FNF:11
FNH:11
FNDA:25,get table
FNDA:14,findOne
FNDA:1,create
FNDA:2,updateUsername
FNDA:1,delete
FNDA:10,findUserGames
FNDA:4,findUserGame
FNDA:2,addGame
FNDA:1,addGamePlayTime
FNDA:1,deleteGameFromAllUsers
FNDA:1,deleteGame
DA:1,1
DA:2,1
DA:3,1
DA:4,1
DA:5,1
DA:6,1
DA:7,1
DA:8,1
DA:9,1
DA:10,25
DA:11,25
DA:12,1
DA:13,1
DA:14,14
DA:15,14
DA:16,1
DA:17,1
DA:18,1
DA:19,1
DA:20,1
DA:21,1
DA:22,1
DA:23,1
DA:24,1
DA:25,2
DA:26,2
DA:27,1
DA:28,1
DA:29,1
DA:30,1
DA:31,1
DA:32,1
DA:33,1
DA:34,1
DA:35,1
DA:36,0
DA:37,0
DA:38,1
DA:39,1
DA:40,1
DA:41,1
DA:42,1
DA:43,1
DA:44,1
DA:45,10
DA:46,10
DA:47,0
DA:48,0
DA:49,10
DA:50,10
DA:51,10
DA:52,1
DA:53,1
DA:54,4
DA:55,4
DA:56,4
DA:57,4
DA:58,4
DA:59,1
DA:60,1
DA:61,2
DA:62,2
DA:63,2
DA:64,1
DA:65,1
DA:66,1
DA:67,1
DA:68,1
DA:69,1
DA:70,1
DA:71,1
DA:72,2
DA:73,1
DA:74,1
DA:75,1
DA:76,1
DA:77,0
DA:78,0
DA:79,1
DA:80,1
DA:81,1
DA:82,1
DA:83,1
DA:84,1
DA:85,2
DA:86,1
DA:87,1
DA:88,1
DA:89,1
DA:90,1
DA:91,1
DA:92,0
DA:93,0
DA:94,1
DA:95,1
DA:96,1
LF:96
LH:88
BRDA:9,0,0,25
BRDA:13,1,0,14
BRDA:14,2,0,28
BRDA:17,3,0,1
BRDA:24,4,0,2
BRDA:26,5,0,1
BRDA:25,6,0,4
BRDA:33,7,0,1
BRDA:35,8,0,0
BRDA:34,9,0,2
BRDA:44,10,0,10
BRDA:46,11,0,0
BRDA:53,12,0,4
BRDA:57,13,0,8
BRDA:60,14,0,2
BRDA:63,15,0,1
BRDA:62,16,0,4
BRDA:74,17,0,1
BRDA:76,18,0,0
BRDA:83,19,0,1
BRDA:84,20,0,2
BRDA:85,21,0,5
BRDA:89,22,0,1
BRDA:91,23,0,0
BRF:24
BRH:20
end_of_record
